


ARM Macro Assembler    Page 1 


    1 00000000                 PRESERVE8
    2 00000000                 THUMB
    3 00000000         
    4 00000000         
    5 00000000         ; ====================== zone de réservation de données,
                         ======================================
    6 00000000         ;Section RAM (read only) :
    7 00000000                 area             mesdata,data,readonly
    8 00000000         
    9 00000000         
   10 00000000         ;Section RAM (read write):
   11 00000000                 area             maram,data,readwrite
   12 00000000         
   13 00000000         
   14 00000000                 export           DFT_ModuleAuCarre
   15 00000000         
   16 00000000         ; ======================================================
                       =========================================
   17 00000000         
   18 00000000         
   19 00000000         
   20 00000000         
   21 00000000         ;Section ROM code (read only) :  
   22 00000000                 area             moncode,code,readonly
   23 00000000         ; écrire le code ici  
   24 00000000         
   25 00000000         
   26 00000000         DFT_ModuleAuCarre
                               proc
   27 00000000         ; R0 Signal64ech
   28 00000000         ; R1 k
   29 00000000 E92D 03F0       push             {R4-R9}
   30 00000004         
   31 00000004         ; int reel=0;
   32 00000004 F04F 0400       mov              R4, #0
   33 00000008         
   34 00000008         ; int imag=0;
   35 00000008 F04F 0500       mov              R5,#0
   36 0000000C         
   37 0000000C         ; for(int i=0;i<64;i++){
   38 0000000C F04F 0700       mov              R7, #0
   39 00000010         For
   40 00000010 B480            push             {R7}
   41 00000012         ;  indice=(k*i);
   42 00000012 FB01 F307       mul              R3, R1, R7
   43 00000016         
   44 00000016         ;  indice=indice%64;
   45 00000016 F003 033F       and              R3, #63
   46 0000001A         
   47 0000001A         ;  module=Signal64ech[i]
   48 0000001A F930 7017       ldrsh            R7, [R0, R7, lsl #1]
   49 0000001E         
   50 0000001E         ;  cos=TabCos(indice);
   51 0000001E 4A0D            ldr              R2, =TabCos
   52 00000020 F932 6013       ldrsh            R6, [R2, R3, lsl #1] ;TODO simd
                                                            
   53 00000024         
   54 00000024         
   55 00000024         ;  reel=cos * module+reel



ARM Macro Assembler    Page 2 


   56 00000024 FB06 4407       mla              R4, R6, R7, R4
   57 00000028         
   58 00000028         ;  R2=sin(indice);
   59 00000028 4A0B            ldr              R2, =TabSin
   60 0000002A F932 6013       ldrsh            R6, [R2, R3, lsl #1] ;TODO simd
                                                            
   61 0000002E         
   62 0000002E         ;  _,sin=sin * module+imag
   63 0000002E FB06 5507       mla              R5, R6, R7, r5
   64 00000032         
   65 00000032 BC80            pop              {R7}
   66 00000034 F107 0701       add              R7, #1
   67 00000038 2F40            cmp              R7, #64
   68 0000003A DBE9            blt              For
   69 0000003C         ; }
   70 0000003C         
   71 0000003C F04F 0000       mov              r0, #0
   72 00000040 F04F 0100       mov              r1, #0
   73 00000044         ; reel*=reel
   74 00000044 FBC4 1004       smlal            R1, R0,R4,R4
   75 00000048         
   76 00000048         ; return imag*image+reel
   77 00000048 FBC5 1005       smlal            R1, R0,R5,R5
   78 0000004C E8BD 03F0       pop              {R4-R9}
   79 00000050         
   80 00000050 4770            bx               lr
   81 00000052         
   82 00000052                 endp
   83 00000052         
   84 00000052         
   85 00000052         
   86 00000052         
   87 00000052         ;Section ROM code (read only) :  
   88 00000052 00 00 00000000 
              00000000         AREA             Trigo, DATA, READONLY
   89 00000000         ; codage fractionnaire 1.15
   90 00000000         
   91 00000000         TabCos
   92 00000000 FF 7F           DCW              32767       ;  0 0x7fff  0.9999
                                                            7
   93 00000002 62 7F           DCW              32610       ;  1 0x7f62  0.9951
                                                            8
   94 00000004 8A 7D           DCW              32138       ;  2 0x7d8a  0.9807
                                                            7
   95 00000006 7D 7A           DCW              31357       ;  3 0x7a7d  0.9569
                                                            4
   96 00000008 42 76           DCW              30274       ;  4 0x7642  0.9238
                                                            9
   97 0000000A E3 70           DCW              28899       ;  5 0x70e3  0.8819
                                                            3
   98 0000000C 6E 6A           DCW              27246       ;  6 0x6a6e  0.8314
                                                            8
   99 0000000E F2 62           DCW              25330       ;  7 0x62f2  0.7730
                                                            1
  100 00000010 82 5A           DCW              23170       ;  8 0x5a82  0.7070
                                                            9
  101 00000012 34 51           DCW              20788       ;  9 0x5134  0.6344
                                                            0
  102 00000014 1D 47           DCW              18205       ; 10 0x471d  0.5555



ARM Macro Assembler    Page 3 


                                                            7
  103 00000016 57 3C           DCW              15447       ; 11 0x3c57  0.4714
                                                            1
  104 00000018 FC 30           DCW              12540       ; 12 0x30fc  0.3826
                                                            9
  105 0000001A 28 25           DCW              9512        ; 13 0x2528  0.2902
                                                            8
  106 0000001C F9 18           DCW              6393        ; 14 0x18f9  0.1951
                                                            0
  107 0000001E 8C 0C           DCW              3212        ; 15 0x0c8c  0.0980
                                                            2
  108 00000020 00 00           DCW              0           ; 16 0x0000  0.0000
                                                            0
  109 00000022 74 F3           DCW              -3212       ; 17 0xf374 -0.0980
                                                            2
  110 00000024 07 E7           DCW              -6393       ; 18 0xe707 -0.1951
                                                            0
  111 00000026 D8 DA           DCW              -9512       ; 19 0xdad8 -0.2902
                                                            8
  112 00000028 04 CF           DCW              -12540      ; 20 0xcf04 -0.3826
                                                            9
  113 0000002A A9 C3           DCW              -15447      ; 21 0xc3a9 -0.4714
                                                            1
  114 0000002C E3 B8           DCW              -18205      ; 22 0xb8e3 -0.5555
                                                            7
  115 0000002E CC AE           DCW              -20788      ; 23 0xaecc -0.6344
                                                            0
  116 00000030 7E A5           DCW              -23170      ; 24 0xa57e -0.7070
                                                            9
  117 00000032 0E 9D           DCW              -25330      ; 25 0x9d0e -0.7730
                                                            1
  118 00000034 92 95           DCW              -27246      ; 26 0x9592 -0.8314
                                                            8
  119 00000036 1D 8F           DCW              -28899      ; 27 0x8f1d -0.8819
                                                            3
  120 00000038 BE 89           DCW              -30274      ; 28 0x89be -0.9238
                                                            9
  121 0000003A 83 85           DCW              -31357      ; 29 0x8583 -0.9569
                                                            4
  122 0000003C 76 82           DCW              -32138      ; 30 0x8276 -0.9807
                                                            7
  123 0000003E 9E 80           DCW              -32610      ; 31 0x809e -0.9951
                                                            8
  124 00000040 00 80           DCW              -32768      ; 32 0x8000 -1.0000
                                                            0
  125 00000042 9E 80           DCW              -32610      ; 33 0x809e -0.9951
                                                            8
  126 00000044 76 82           DCW              -32138      ; 34 0x8276 -0.9807
                                                            7
  127 00000046 83 85           DCW              -31357      ; 35 0x8583 -0.9569
                                                            4
  128 00000048 BE 89           DCW              -30274      ; 36 0x89be -0.9238
                                                            9
  129 0000004A 1D 8F           DCW              -28899      ; 37 0x8f1d -0.8819
                                                            3
  130 0000004C 92 95           DCW              -27246      ; 38 0x9592 -0.8314
                                                            8
  131 0000004E 0E 9D           DCW              -25330      ; 39 0x9d0e -0.7730
                                                            1



ARM Macro Assembler    Page 4 


  132 00000050 7E A5           DCW              -23170      ; 40 0xa57e -0.7070
                                                            9
  133 00000052 CC AE           DCW              -20788      ; 41 0xaecc -0.6344
                                                            0
  134 00000054 E3 B8           DCW              -18205      ; 42 0xb8e3 -0.5555
                                                            7
  135 00000056 A9 C3           DCW              -15447      ; 43 0xc3a9 -0.4714
                                                            1
  136 00000058 04 CF           DCW              -12540      ; 44 0xcf04 -0.3826
                                                            9
  137 0000005A D8 DA           DCW              -9512       ; 45 0xdad8 -0.2902
                                                            8
  138 0000005C 07 E7           DCW              -6393       ; 46 0xe707 -0.1951
                                                            0
  139 0000005E 74 F3           DCW              -3212       ; 47 0xf374 -0.0980
                                                            2
  140 00000060 00 00           DCW              0           ; 48 0x0000  0.0000
                                                            0
  141 00000062 8C 0C           DCW              3212        ; 49 0x0c8c  0.0980
                                                            2
  142 00000064 F9 18           DCW              6393        ; 50 0x18f9  0.1951
                                                            0
  143 00000066 28 25           DCW              9512        ; 51 0x2528  0.2902
                                                            8
  144 00000068 FC 30           DCW              12540       ; 52 0x30fc  0.3826
                                                            9
  145 0000006A 57 3C           DCW              15447       ; 53 0x3c57  0.4714
                                                            1
  146 0000006C 1D 47           DCW              18205       ; 54 0x471d  0.5555
                                                            7
  147 0000006E 34 51           DCW              20788       ; 55 0x5134  0.6344
                                                            0
  148 00000070 82 5A           DCW              23170       ; 56 0x5a82  0.7070
                                                            9
  149 00000072 F2 62           DCW              25330       ; 57 0x62f2  0.7730
                                                            1
  150 00000074 6E 6A           DCW              27246       ; 58 0x6a6e  0.8314
                                                            8
  151 00000076 E3 70           DCW              28899       ; 59 0x70e3  0.8819
                                                            3
  152 00000078 42 76           DCW              30274       ; 60 0x7642  0.9238
                                                            9
  153 0000007A 7D 7A           DCW              31357       ; 61 0x7a7d  0.9569
                                                            4
  154 0000007C 8A 7D           DCW              32138       ; 62 0x7d8a  0.9807
                                                            7
  155 0000007E 62 7F           DCW              32610       ; 63 0x7f62  0.9951
                                                            8
  156 00000080         TabSin
  157 00000080 00 00           DCW              0           ;  0 0x0000  0.0000
                                                            0
  158 00000082 8C 0C           DCW              3212        ;  1 0x0c8c  0.0980
                                                            2
  159 00000084 F9 18           DCW              6393        ;  2 0x18f9  0.1951
                                                            0
  160 00000086 28 25           DCW              9512        ;  3 0x2528  0.2902
                                                            8
  161 00000088 FC 30           DCW              12540       ;  4 0x30fc  0.3826
                                                            9



ARM Macro Assembler    Page 5 


  162 0000008A 57 3C           DCW              15447       ;  5 0x3c57  0.4714
                                                            1
  163 0000008C 1D 47           DCW              18205       ;  6 0x471d  0.5555
                                                            7
  164 0000008E 34 51           DCW              20788       ;  7 0x5134  0.6344
                                                            0
  165 00000090 82 5A           DCW              23170       ;  8 0x5a82  0.7070
                                                            9
  166 00000092 F2 62           DCW              25330       ;  9 0x62f2  0.7730
                                                            1
  167 00000094 6E 6A           DCW              27246       ; 10 0x6a6e  0.8314
                                                            8
  168 00000096 E3 70           DCW              28899       ; 11 0x70e3  0.8819
                                                            3
  169 00000098 42 76           DCW              30274       ; 12 0x7642  0.9238
                                                            9
  170 0000009A 7D 7A           DCW              31357       ; 13 0x7a7d  0.9569
                                                            4
  171 0000009C 8A 7D           DCW              32138       ; 14 0x7d8a  0.9807
                                                            7
  172 0000009E 62 7F           DCW              32610       ; 15 0x7f62  0.9951
                                                            8
  173 000000A0 FF 7F           DCW              32767       ; 16 0x7fff  0.9999
                                                            7
  174 000000A2 62 7F           DCW              32610       ; 17 0x7f62  0.9951
                                                            8
  175 000000A4 8A 7D           DCW              32138       ; 18 0x7d8a  0.9807
                                                            7
  176 000000A6 7D 7A           DCW              31357       ; 19 0x7a7d  0.9569
                                                            4
  177 000000A8 42 76           DCW              30274       ; 20 0x7642  0.9238
                                                            9
  178 000000AA E3 70           DCW              28899       ; 21 0x70e3  0.8819
                                                            3
  179 000000AC 6E 6A           DCW              27246       ; 22 0x6a6e  0.8314
                                                            8
  180 000000AE F2 62           DCW              25330       ; 23 0x62f2  0.7730
                                                            1
  181 000000B0 82 5A           DCW              23170       ; 24 0x5a82  0.7070
                                                            9
  182 000000B2 34 51           DCW              20788       ; 25 0x5134  0.6344
                                                            0
  183 000000B4 1D 47           DCW              18205       ; 26 0x471d  0.5555
                                                            7
  184 000000B6 57 3C           DCW              15447       ; 27 0x3c57  0.4714
                                                            1
  185 000000B8 FC 30           DCW              12540       ; 28 0x30fc  0.3826
                                                            9
  186 000000BA 28 25           DCW              9512        ; 29 0x2528  0.2902
                                                            8
  187 000000BC F9 18           DCW              6393        ; 30 0x18f9  0.1951
                                                            0
  188 000000BE 8C 0C           DCW              3212        ; 31 0x0c8c  0.0980
                                                            2
  189 000000C0 00 00           DCW              0           ; 32 0x0000  0.0000
                                                            0
  190 000000C2 74 F3           DCW              -3212       ; 33 0xf374 -0.0980
                                                            2
  191 000000C4 07 E7           DCW              -6393       ; 34 0xe707 -0.1951



ARM Macro Assembler    Page 6 


                                                            0
  192 000000C6 D8 DA           DCW              -9512       ; 35 0xdad8 -0.2902
                                                            8
  193 000000C8 04 CF           DCW              -12540      ; 36 0xcf04 -0.3826
                                                            9
  194 000000CA A9 C3           DCW              -15447      ; 37 0xc3a9 -0.4714
                                                            1
  195 000000CC E3 B8           DCW              -18205      ; 38 0xb8e3 -0.5555
                                                            7
  196 000000CE CC AE           DCW              -20788      ; 39 0xaecc -0.6344
                                                            0
  197 000000D0 7E A5           DCW              -23170      ; 40 0xa57e -0.7070
                                                            9
  198 000000D2 0E 9D           DCW              -25330      ; 41 0x9d0e -0.7730
                                                            1
  199 000000D4 92 95           DCW              -27246      ; 42 0x9592 -0.8314
                                                            8
  200 000000D6 1D 8F           DCW              -28899      ; 43 0x8f1d -0.8819
                                                            3
  201 000000D8 BE 89           DCW              -30274      ; 44 0x89be -0.9238
                                                            9
  202 000000DA 83 85           DCW              -31357      ; 45 0x8583 -0.9569
                                                            4
  203 000000DC 76 82           DCW              -32138      ; 46 0x8276 -0.9807
                                                            7
  204 000000DE 9E 80           DCW              -32610      ; 47 0x809e -0.9951
                                                            8
  205 000000E0 00 80           DCW              -32768      ; 48 0x8000 -1.0000
                                                            0
  206 000000E2 9E 80           DCW              -32610      ; 49 0x809e -0.9951
                                                            8
  207 000000E4 76 82           DCW              -32138      ; 50 0x8276 -0.9807
                                                            7
  208 000000E6 83 85           DCW              -31357      ; 51 0x8583 -0.9569
                                                            4
  209 000000E8 BE 89           DCW              -30274      ; 52 0x89be -0.9238
                                                            9
  210 000000EA 1D 8F           DCW              -28899      ; 53 0x8f1d -0.8819
                                                            3
  211 000000EC 92 95           DCW              -27246      ; 54 0x9592 -0.8314
                                                            8
  212 000000EE 0E 9D           DCW              -25330      ; 55 0x9d0e -0.7730
                                                            1
  213 000000F0 7E A5           DCW              -23170      ; 56 0xa57e -0.7070
                                                            9
  214 000000F2 CC AE           DCW              -20788      ; 57 0xaecc -0.6344
                                                            0
  215 000000F4 E3 B8           DCW              -18205      ; 58 0xb8e3 -0.5555
                                                            7
  216 000000F6 A9 C3           DCW              -15447      ; 59 0xc3a9 -0.4714
                                                            1
  217 000000F8 04 CF           DCW              -12540      ; 60 0xcf04 -0.3826
                                                            9
  218 000000FA D8 DA           DCW              -9512       ; 61 0xdad8 -0.2902
                                                            8
  219 000000FC 07 E7           DCW              -6393       ; 62 0xe707 -0.1951
                                                            0
  220 000000FE 74 F3           DCW              -3212       ; 63 0xf374 -0.0980
                                                            2



ARM Macro Assembler    Page 7 


  221 00000100         
  222 00000100                 END
Command Line: --debug --xref --diag_suppress=9931 --cpu=Cortex-M3 --apcs=interw
ork --depend=.\obj\dft_1.d -o.\obj\dft_1.o -I.\Driver -I.\RTE\_CibleSondeKEIL -
IC:\Programdata\Keil\Arm\Packs\ARM\CMSIS\5.7.0\CMSIS\Core\Include -IC:\Programd
ata\Keil\Arm\Packs\Keil\STM32F1xx_DFP\2.3.0\Device\Include --predefine="__EVAL 
SETA 1" --predefine="__MICROLIB SETA 1" --predefine="__UVISION_VERSION SETA 534
" --predefine="_RTE_ SETA 1" --predefine="STM32F10X_MD SETA 1" --predefine="_RT
E_ SETA 1" --list=dft.lst Src\DFT\DFT.s



ARM Macro Assembler    Page 1 Alphabetic symbol ordering
Relocatable symbols

mesdata 00000000

Symbol: mesdata
   Definitions
      At line 7 in file Src\DFT\DFT.s
   Uses
      None
Comment: mesdata unused
1 symbol



ARM Macro Assembler    Page 1 Alphabetic symbol ordering
Relocatable symbols

maram 00000000

Symbol: maram
   Definitions
      At line 11 in file Src\DFT\DFT.s
   Uses
      None
Comment: maram unused
1 symbol



ARM Macro Assembler    Page 1 Alphabetic symbol ordering
Relocatable symbols

DFT_ModuleAuCarre 00000000

Symbol: DFT_ModuleAuCarre
   Definitions
      At line 26 in file Src\DFT\DFT.s
   Uses
      At line 14 in file Src\DFT\DFT.s
Comment: DFT_ModuleAuCarre used once
For 00000010

Symbol: For
   Definitions
      At line 39 in file Src\DFT\DFT.s
   Uses
      At line 68 in file Src\DFT\DFT.s
Comment: For used once
moncode 00000000

Symbol: moncode
   Definitions
      At line 22 in file Src\DFT\DFT.s
   Uses
      None
Comment: moncode unused
3 symbols



ARM Macro Assembler    Page 1 Alphabetic symbol ordering
Relocatable symbols

TabCos 00000000

Symbol: TabCos
   Definitions
      At line 91 in file Src\DFT\DFT.s
   Uses
      At line 51 in file Src\DFT\DFT.s
Comment: TabCos used once
TabSin 00000080

Symbol: TabSin
   Definitions
      At line 156 in file Src\DFT\DFT.s
   Uses
      At line 59 in file Src\DFT\DFT.s
Comment: TabSin used once
Trigo 00000000

Symbol: Trigo
   Definitions
      At line 88 in file Src\DFT\DFT.s
   Uses
      None
Comment: Trigo unused
3 symbols
345 symbols in table
